Using pre-set license
Built from '2021.1/release' branch; Version is '2021.1.4f1 (4cd64a618c1b) revision 5035594'; Using compiler version '192528614'; Build Type 'Release'
OS: 'Windows 10 Home; OS build 19042.985; Version 2009; 64bit' Language: 'en' Physical Memory: 6021 MB
BatchMode: 1, IsHumanControllingUs: 0, StartBugReporterOnCrash: 0, Is64bit: 1, IsPro: 0

 COMMAND LINE ARGUMENTS:
C:\Program Files\Unity\Hub\Editor\2021.1.4f1\Editor\Unity.exe
-adb2
-batchMode
-noUpm
-name
AssetImportWorker0
-projectPath
C:/Users/coca_/Downloads/GameRelatedProjects/Unity/FourthWall
-logFile
Logs/AssetImportWorker0.log
-srvPort
56875
Successfully changed project path to: C:/Users/coca_/Downloads/GameRelatedProjects/Unity/FourthWall
C:/Users/coca_/Downloads/GameRelatedProjects/Unity/FourthWall
Using Asset Import Pipeline V2.
Refreshing native plugins compatible for Editor in 98.15 ms, found 2 plugins.
Preloading 0 native plugins for Editor in 0.00 ms.
Initialize engine version: 2021.1.4f1 (4cd64a618c1b)
[Subsystems] Discovering subsystems at path C:/Program Files/Unity/Hub/Editor/2021.1.4f1/Editor/Data/Resources/UnitySubsystems
[Subsystems] Discovering subsystems at path C:/Users/coca_/Downloads/GameRelatedProjects/Unity/FourthWall/Assets
GfxDevice: creating device client; threaded=0; jobified=0
Direct3D:
    Version:  Direct3D 11.0 [level 11.1]
    Renderer: NVIDIA GeForce GTX 1050 (ID=0x1c91)
    Vendor:   NVIDIA
    VRAM:     2996 MB
    Driver:   27.21.14.5763
Initialize mono
Mono path[0] = 'C:/Program Files/Unity/Hub/Editor/2021.1.4f1/Editor/Data/Managed'
Mono path[1] = 'C:/Program Files/Unity/Hub/Editor/2021.1.4f1/Editor/Data/MonoBleedingEdge/lib/mono/unityjit'
Mono config path = 'C:/Program Files/Unity/Hub/Editor/2021.1.4f1/Editor/Data/MonoBleedingEdge/etc'
Using monoOptions --debugger-agent=transport=dt_socket,embedding=1,server=y,suspend=n,address=127.0.0.1:56692
Begin MonoManager ReloadAssembly
Registering precompiled unity dll's ...
Register platform support module: C:/Program Files/Unity/Hub/Editor/2021.1.4f1/Editor/Data/PlaybackEngines/WebGLSupport/UnityEditor.WebGL.Extensions.dll
Register platform support module: C:/Program Files/Unity/Hub/Editor/2021.1.4f1/Editor/Data/PlaybackEngines/MacStandaloneSupport/UnityEditor.OSXStandalone.Extensions.dll
Register platform support module: C:/Program Files/Unity/Hub/Editor/2021.1.4f1/Editor/Data/PlaybackEngines/WindowsStandaloneSupport/UnityEditor.WindowsStandalone.Extensions.dll
Registered in 0.015363 seconds.
Native extension for WindowsStandalone target not found
Native extension for OSXStandalone target not found
Native extension for WebGL target not found
Refreshing native plugins compatible for Editor in 121.87 ms, found 2 plugins.
Preloading 0 native plugins for Editor in 0.00 ms.
Mono: successfully reloaded assembly
- Completed reload, in  6.805 seconds
Platform modules already initialized, skipping
Registering precompiled user dll's ...
Registered in 0.019263 seconds.
Begin MonoManager ReloadAssembly
Native extension for WindowsStandalone target not found
Native extension for OSXStandalone target not found
Native extension for WebGL target not found
Refreshing native plugins compatible for Editor in 0.82 ms, found 2 plugins.
Preloading 0 native plugins for Editor in 0.00 ms.
Mono: successfully reloaded assembly
- Completed reload, in  1.571 seconds
Platform modules already initialized, skipping
========================================================================
Worker process is ready to serve import requests
Launched and connected shader compiler UnityShaderCompiler.exe after 0.19 seconds
Refreshing native plugins compatible for Editor in 0.73 ms, found 2 plugins.
Preloading 0 native plugins for Editor in 0.00 ms.
Unloading 2685 Unused Serialized files (Serialized files now loaded: 0)
System memory in use before: 98.9 MB.
System memory in use after: 99.0 MB.

Unloading 18 unused Assets to reduce memory usage. Loaded Objects now: 3135.
Total: 3.354500 ms (FindLiveObjects: 0.370700 ms CreateObjectMapping: 0.154500 ms MarkObjects: 2.719200 ms  DeleteObjects: 0.108700 ms)

========================================================================
Received Import Request.
  path: Assets/Script/ConsoleScript.cs
  artifactKey: Guid(9a99e128e10541d4880f85ec1706985f) Importer(815301076,1909f56bfc062723c751e8b465ee728b)
Start importing Assets/Script/ConsoleScript.cs using Guid(9a99e128e10541d4880f85ec1706985f) Importer(815301076,1909f56bfc062723c751e8b465ee728b)  -> (artifact id: 'f9e34ab45e6d0d2b116d46e2dc418de4') in 0.102918 seconds 
========================================================================
Received Import Request.
  Time since last request: 158.551748 seconds.
  path: Assets/Script/ConsoleScript.cs
  artifactKey: Guid(9a99e128e10541d4880f85ec1706985f) Importer(815301076,1909f56bfc062723c751e8b465ee728b)
Start importing Assets/Script/ConsoleScript.cs using Guid(9a99e128e10541d4880f85ec1706985f) Importer(815301076,1909f56bfc062723c751e8b465ee728b)  -> (artifact id: 'cbd0cbbbf02020fdfa7f8b7c622e6867') in 0.006335 seconds 
========================================================================
Received Prepare
Registering precompiled user dll's ...
Registered in 0.007210 seconds.
Begin MonoManager ReloadAssembly
Native extension for WindowsStandalone target not found
Native extension for OSXStandalone target not found
Native extension for WebGL target not found
Refreshing native plugins compatible for Editor in 2.03 ms, found 2 plugins.
Preloading 0 native plugins for Editor in 0.00 ms.
Mono: successfully reloaded assembly
- Completed reload, in  1.538 seconds
Platform modules already initialized, skipping
Refreshing native plugins compatible for Editor in 1.43 ms, found 2 plugins.
Preloading 0 native plugins for Editor in 0.00 ms.
Unloading 2680 Unused Serialized files (Serialized files now loaded: 0)
System memory in use before: 98.9 MB.
System memory in use after: 99.1 MB.

Unloading 13 unused Assets to reduce memory usage. Loaded Objects now: 3138.
Total: 4.529500 ms (FindLiveObjects: 0.426500 ms CreateObjectMapping: 0.180800 ms MarkObjects: 3.694100 ms  DeleteObjects: 0.225400 ms)

========================================================================
Received Prepare
Registering precompiled user dll's ...
Registered in 0.004792 seconds.
Begin MonoManager ReloadAssembly
Native extension for WindowsStandalone target not found
Native extension for OSXStandalone target not found
Native extension for WebGL target not found
Refreshing native plugins compatible for Editor in 0.74 ms, found 2 plugins.
Preloading 0 native plugins for Editor in 0.00 ms.
Mono: successfully reloaded assembly
- Completed reload, in  1.483 seconds
Platform modules already initialized, skipping
Refreshing native plugins compatible for Editor in 0.60 ms, found 2 plugins.
Preloading 0 native plugins for Editor in 0.00 ms.
Unloading 2680 Unused Serialized files (Serialized files now loaded: 0)
System memory in use before: 98.9 MB.
System memory in use after: 99.1 MB.

Unloading 13 unused Assets to reduce memory usage. Loaded Objects now: 3141.
Total: 3.093500 ms (FindLiveObjects: 0.281700 ms CreateObjectMapping: 0.090800 ms MarkObjects: 2.648600 ms  DeleteObjects: 0.070800 ms)

========================================================================
Received Import Request.
  Time since last request: 294.031500 seconds.
  path: Assets/Script/ConsoleScript.cs
  artifactKey: Guid(9a99e128e10541d4880f85ec1706985f) Importer(815301076,1909f56bfc062723c751e8b465ee728b)
Start importing Assets/Script/ConsoleScript.cs using Guid(9a99e128e10541d4880f85ec1706985f) Importer(815301076,1909f56bfc062723c751e8b465ee728b)  -> (artifact id: 'f5f73296b0b16a38ebab4530a241bf9a') in 0.009345 seconds 
========================================================================
Received Prepare
Registering precompiled user dll's ...
Registered in 0.007678 seconds.
Begin MonoManager ReloadAssembly
Native extension for WindowsStandalone target not found
Native extension for OSXStandalone target not found
Native extension for WebGL target not found
Refreshing native plugins compatible for Editor in 1.71 ms, found 2 plugins.
Preloading 0 native plugins for Editor in 0.00 ms.
Mono: successfully reloaded assembly
- Completed reload, in  2.243 seconds
Platform modules already initialized, skipping
Refreshing native plugins compatible for Editor in 1.24 ms, found 2 plugins.
Preloading 0 native plugins for Editor in 0.00 ms.
Unloading 2680 Unused Serialized files (Serialized files now loaded: 0)
System memory in use before: 98.9 MB.
System memory in use after: 99.1 MB.

Unloading 13 unused Assets to reduce memory usage. Loaded Objects now: 3144.
Total: 4.438900 ms (FindLiveObjects: 0.349500 ms CreateObjectMapping: 0.204800 ms MarkObjects: 3.816000 ms  DeleteObjects: 0.066300 ms)

========================================================================
Received Prepare
Registering precompiled user dll's ...
Registered in 0.009563 seconds.
Begin MonoManager ReloadAssembly
Native extension for WindowsStandalone target not found
Native extension for OSXStandalone target not found
Native extension for WebGL target not found
Refreshing native plugins compatible for Editor in 1.58 ms, found 2 plugins.
Preloading 0 native plugins for Editor in 0.00 ms.
Mono: successfully reloaded assembly
- Completed reload, in  2.568 seconds
Platform modules already initialized, skipping
Refreshing native plugins compatible for Editor in 0.65 ms, found 2 plugins.
Preloading 0 native plugins for Editor in 0.00 ms.
Unloading 2680 Unused Serialized files (Serialized files now loaded: 0)
System memory in use before: 99.0 MB.
System memory in use after: 99.1 MB.

Unloading 13 unused Assets to reduce memory usage. Loaded Objects now: 3147.
Total: 13.371200 ms (FindLiveObjects: 0.856900 ms CreateObjectMapping: 0.312200 ms MarkObjects: 11.944100 ms  DeleteObjects: 0.255800 ms)

========================================================================
Received Import Request.
  Time since last request: 1619.978204 seconds.
  path: Assets/Script/ConsoleScript.cs
  artifactKey: Guid(9a99e128e10541d4880f85ec1706985f) Importer(815301076,1909f56bfc062723c751e8b465ee728b)
Start importing Assets/Script/ConsoleScript.cs using Guid(9a99e128e10541d4880f85ec1706985f) Importer(815301076,1909f56bfc062723c751e8b465ee728b)  -> (artifact id: '32ed4683aefddc88934459a51e61b430') in 0.024672 seconds 
========================================================================
Received Import Request.
  Time since last request: 101.442310 seconds.
  path: Assets/Scenes/Lvl1.unity
  artifactKey: Guid(e6a3a39378b326946b75aca23bd16a94) Importer(815301076,1909f56bfc062723c751e8b465ee728b)
Start importing Assets/Scenes/Lvl1.unity using Guid(e6a3a39378b326946b75aca23bd16a94) Importer(815301076,1909f56bfc062723c751e8b465ee728b)  -> (artifact id: 'a5bde5b1b993003897c50398586df485') in 0.046492 seconds 
========================================================================
Received Prepare
Registering precompiled user dll's ...
Registered in 0.006502 seconds.
Begin MonoManager ReloadAssembly
Native extension for WindowsStandalone target not found
Native extension for OSXStandalone target not found
Native extension for WebGL target not found
Refreshing native plugins compatible for Editor in 0.69 ms, found 2 plugins.
Preloading 0 native plugins for Editor in 0.00 ms.
Mono: successfully reloaded assembly
- Completed reload, in  1.380 seconds
Platform modules already initialized, skipping
Refreshing native plugins compatible for Editor in 0.62 ms, found 2 plugins.
Preloading 0 native plugins for Editor in 0.00 ms.
Unloading 2680 Unused Serialized files (Serialized files now loaded: 0)
System memory in use before: 99.0 MB.
System memory in use after: 99.2 MB.

Unloading 13 unused Assets to reduce memory usage. Loaded Objects now: 3150.
Total: 5.336800 ms (FindLiveObjects: 0.309800 ms CreateObjectMapping: 0.116200 ms MarkObjects: 4.808400 ms  DeleteObjects: 0.100300 ms)

========================================================================
Received Import Request.
  Time since last request: 32.895646 seconds.
  path: Assets/Canvas.prefab
  artifactKey: Guid(6b2f295b031996a4ea23ecf7259387c6) Importer(815301076,1909f56bfc062723c751e8b465ee728b)
Start importing Assets/Canvas.prefab using Guid(6b2f295b031996a4ea23ecf7259387c6) Importer(815301076,1909f56bfc062723c751e8b465ee728b)  -> (artifact id: 'b44451a40705eb6b975e7154a0723f2a') in 0.128321 seconds 
========================================================================
Received Import Request.
  Time since last request: 29.997205 seconds.
  path: Assets/Scenes/Menu.unity
  artifactKey: Guid(9fc0d4010bbf28b4594072e72b8655ab) Importer(815301076,1909f56bfc062723c751e8b465ee728b)
Start importing Assets/Scenes/Menu.unity using Guid(9fc0d4010bbf28b4594072e72b8655ab) Importer(815301076,1909f56bfc062723c751e8b465ee728b)  -> (artifact id: '7ebc7f9a514da13f1de2640bef1d3575') in 0.022511 seconds 
========================================================================
Received Import Request.
  Time since last request: 8.898069 seconds.
  path: Assets/Scenes/Secret.unity
  artifactKey: Guid(ea98d6afaa9a309459760418afc16c48) Importer(815301076,1909f56bfc062723c751e8b465ee728b)
Start importing Assets/Scenes/Secret.unity using Guid(ea98d6afaa9a309459760418afc16c48) Importer(815301076,1909f56bfc062723c751e8b465ee728b)  -> (artifact id: '2d24a64970a3c61b92e3dbb38855420e') in 0.020086 seconds 
========================================================================
Received Prepare
Registering precompiled user dll's ...
Registered in 0.004332 seconds.
Begin MonoManager ReloadAssembly
Native extension for WindowsStandalone target not found
Native extension for OSXStandalone target not found
Native extension for WebGL target not found
Refreshing native plugins compatible for Editor in 0.72 ms, found 2 plugins.
Preloading 0 native plugins for Editor in 0.00 ms.
Mono: successfully reloaded assembly
- Completed reload, in  1.405 seconds
Platform modules already initialized, skipping
Refreshing native plugins compatible for Editor in 0.98 ms, found 2 plugins.
Preloading 0 native plugins for Editor in 0.00 ms.
Unloading 2680 Unused Serialized files (Serialized files now loaded: 0)
System memory in use before: 99.1 MB.
System memory in use after: 99.3 MB.

Unloading 16 unused Assets to reduce memory usage. Loaded Objects now: 3155.
Total: 3.103900 ms (FindLiveObjects: 0.363100 ms CreateObjectMapping: 0.123800 ms MarkObjects: 2.529600 ms  DeleteObjects: 0.085500 ms)

========================================================================
Received Import Request.
  Time since last request: 101.677854 seconds.
  path: Assets/Console.prefab
  artifactKey: Guid(5b767e562eddef84dbffde48cd17891c) Importer(815301076,1909f56bfc062723c751e8b465ee728b)
Start importing Assets/Console.prefab using Guid(5b767e562eddef84dbffde48cd17891c) Importer(815301076,1909f56bfc062723c751e8b465ee728b)  -> (artifact id: '0d79f8a119afb588413a58b443659ace') in 0.097028 seconds 
========================================================================
Received Import Request.
  Time since last request: 0.000460 seconds.
  path: Assets/Canvas.prefab
  artifactKey: Guid(6b2f295b031996a4ea23ecf7259387c6) Importer(815301076,1909f56bfc062723c751e8b465ee728b)
Start importing Assets/Canvas.prefab using Guid(6b2f295b031996a4ea23ecf7259387c6) Importer(815301076,1909f56bfc062723c751e8b465ee728b)  -> (artifact id: '3db8b2fec29802c5c9e827835bbc290a') in 0.013373 seconds 
AssetImportWorkerClient::OnTransportError - code=2 error=End of file
